<?xml version="1.0" encoding="UTF-8"?>
<testsuite xmlns:xsi="http://www.w3.org/2001/XMLSchema-instance" xsi:noNamespaceSchemaLocation="https://maven.apache.org/surefire/maven-surefire-plugin/xsd/surefire-test-report-3.0.xsd" version="3.0" name="com.marathonrideshare.apigateway.ApiGatewayApplicationTests" time="2.393" tests="1" errors="0" skipped="0" failures="0">
  <properties>
[...]
</properties>
  <testcase name="contextLoads" classname="com.marathonrideshare.apigateway.ApiGatewayApplicationTests" time="0.603">
    <system-out><![CDATA[15:31:50.704 [main] INFO org.springframework.test.context.support.AnnotationConfigContextLoaderUtils -- Could not detect default configuration classes for test class [com.marathonrideshare.apigateway.ApiGatewayApplicationTests]: ApiGatewayApplicationTests does not declare any static, non-private, non-final, nested classes annotated with @Configuration.
15:31:50.764 [main] INFO org.springframework.boot.test.context.SpringBootTestContextBootstrapper -- Found @SpringBootConfiguration com.marathonrideshare.apigateway.ApiGatewayApplication for test class com.marathonrideshare.apigateway.ApiGatewayApplicationTests
15:31:50.857 [main] INFO org.springframework.boot.devtools.restart.RestartApplicationListener -- Restart disabled due to context in which it is running

  .   ____          _            __ _ _
 /\\ / ___'_ __ _ _(_)_ __  __ _ \ \ \ \
( ( )\___ | '_ | '_| | '_ \/ _` | \ \ \ \
 \\/  ___)| |_)| | | | | || (_| |  ) ) ) )
  '  |____| .__|_| |_|_| |_\__, | / / / /
 =========|_|==============|___/=/_/_/_/
 :: Spring Boot ::                (v3.2.0)

2024-04-19T15:31:51.071-07:00  INFO 77013 --- [           main] c.m.a.ApiGatewayApplicationTests         : Starting ApiGatewayApplicationTests using Java 21.0.2 with PID 77013 (started by yuyang in /Users/yuyang/Desktop/18653/API-Gateway/api-gateway)
2024-04-19T15:31:51.072-07:00  INFO 77013 --- [           main] c.m.a.ApiGatewayApplicationTests         : No active profile set, falling back to 1 default profile: "default"
2024-04-19T15:31:51.695-07:00  INFO 77013 --- [           main] o.s.cloud.context.scope.GenericScope     : BeanFactory id=705018db-bace-31a8-9549-cf07e981fc4d
2024-04-19T15:31:52.192-07:00  INFO 77013 --- [           main] o.s.c.g.r.RouteDefinitionRouteLocator    : Loaded RoutePredicateFactory [After]
2024-04-19T15:31:52.192-07:00  INFO 77013 --- [           main] o.s.c.g.r.RouteDefinitionRouteLocator    : Loaded RoutePredicateFactory [Before]
2024-04-19T15:31:52.192-07:00  INFO 77013 --- [           main] o.s.c.g.r.RouteDefinitionRouteLocator    : Loaded RoutePredicateFactory [Between]
2024-04-19T15:31:52.192-07:00  INFO 77013 --- [           main] o.s.c.g.r.RouteDefinitionRouteLocator    : Loaded RoutePredicateFactory [Cookie]
2024-04-19T15:31:52.193-07:00  INFO 77013 --- [           main] o.s.c.g.r.RouteDefinitionRouteLocator    : Loaded RoutePredicateFactory [Header]
2024-04-19T15:31:52.193-07:00  INFO 77013 --- [           main] o.s.c.g.r.RouteDefinitionRouteLocator    : Loaded RoutePredicateFactory [Host]
2024-04-19T15:31:52.193-07:00  INFO 77013 --- [           main] o.s.c.g.r.RouteDefinitionRouteLocator    : Loaded RoutePredicateFactory [Method]
2024-04-19T15:31:52.193-07:00  INFO 77013 --- [           main] o.s.c.g.r.RouteDefinitionRouteLocator    : Loaded RoutePredicateFactory [Path]
2024-04-19T15:31:52.193-07:00  INFO 77013 --- [           main] o.s.c.g.r.RouteDefinitionRouteLocator    : Loaded RoutePredicateFactory [Query]
2024-04-19T15:31:52.193-07:00  INFO 77013 --- [           main] o.s.c.g.r.RouteDefinitionRouteLocator    : Loaded RoutePredicateFactory [ReadBody]
2024-04-19T15:31:52.193-07:00  INFO 77013 --- [           main] o.s.c.g.r.RouteDefinitionRouteLocator    : Loaded RoutePredicateFactory [RemoteAddr]
2024-04-19T15:31:52.193-07:00  INFO 77013 --- [           main] o.s.c.g.r.RouteDefinitionRouteLocator    : Loaded RoutePredicateFactory [XForwardedRemoteAddr]
2024-04-19T15:31:52.193-07:00  INFO 77013 --- [           main] o.s.c.g.r.RouteDefinitionRouteLocator    : Loaded RoutePredicateFactory [Weight]
2024-04-19T15:31:52.193-07:00  INFO 77013 --- [           main] o.s.c.g.r.RouteDefinitionRouteLocator    : Loaded RoutePredicateFactory [CloudFoundryRouteService]
2024-04-19T15:31:52.361-07:00  INFO 77013 --- [           main] c.m.a.ApiGatewayApplicationTests         : Started ApiGatewayApplicationTests in 1.514 seconds (process running for 2.226)
]]></system-out>
    <system-err><![CDATA[WARNING: A Java agent has been loaded dynamically (/Users/yuyang/.m2/repository/net/bytebuddy/byte-buddy-agent/1.14.10/byte-buddy-agent-1.14.10.jar)
WARNING: If a serviceability tool is in use, please run with -XX:+EnableDynamicAgentLoading to hide this warning
WARNING: If a serviceability tool is not in use, please run with -Djdk.instrument.traceUsage for more information
WARNING: Dynamic loading of agents will be disallowed by default in a future release
]]></system-err>
  </testcase>
</testsuite>